...#..........##.#.#...#..........#.#....#......#.#...#.#........#.#..##.........##.....#...#...
.....#..#....##...........#.#................#..#..##.##.#.#####.###...##.....##..##...#...##...
..#..#..##.##...#.........##..#...#.....##.#.......#..#...#.#.#.#.#..#..#...##..####...#..###...
...#.##....#...#..#...##..##...#...#.............................#.#.#...##...##..####.#..###...
#....##..##......#..#..#....#.....#.....#.#..##......#.#..#....#...#......#.##..####..##.#..#.#.
##..#..............#....##.#...#...................#.....#.###.##..........#..###.#..#...#.....#
#....##......#..#....#...##.#.#....#...#....#..#.#..............#...#####.#.#..#.##..#.#......#.
#.....#..#..#......#.#.##....##.##..##.#...#..#.#...#...###.....##...#...........##.#......##..#
...#..#.###.#....##..#.##.#..###..#..#.#..#.##.##.#....##...##....##.......#.#.#.#.........#....
....#........#..##.#..##.##.##.................#.##.#.....#...#...##...#..#.....##.....#........
#....##.#...............#......#..#.............#..#..#.....#.#.....#..............#.##...##....
.....####......#..#...#....#...........#..#...#.........#....#.....#...#......#.....#.#..#.#..#.
##..#...#.......#...#......#........#........#....#.##....##..#.##..#.###.#.#...#...##..#.......
.#.........#...#.....#..##....#.#.......#......#..#...#..#..#..#..#..#..#.#....##.#........#....
...#.#.......#..........##..#..#..#.##..#......#.....#...#.#........#..#.#..#......##.#........#
##......#......#.#......##.#..#.....#....#..###..###....#.#.#..###.........#.##...###....###..#.
....#...#.#.....#.#.....#.##..#.####.###....###...#..#.....##..#.#..........#...#...#.#..##.....
...#.#..###.#......#..#..#..#.##..#..##.#..#.....#..#.#.......##.#.....##.#.##.##....#..........
....#......#.#.#...##..#.#.....#...##...##...##.#.##......#.###.##.##..#.......#.#..#.##.....#.#
.........##...#..#...#..#..###.........#....##..##...###.......##...#......#..#...##.....#.#....
..##..#..##.###.#....#...#.#.......#.....##..........#..##..#...#...###....##..#.#####....#..#..
...........#..#.######...###..#....#..#.#.......#..#..#.#.#....#.#..#..##.#..#.##.....#.#.....#.
...#.....##.#.##..###.....#.....#.....#....#.#..##.....#..#..............#.#...#....#..#...#.#..
..#........#.#.#..##.#.##.............#.......##............#........................##.........
.#....#...#.#.##......................#.....#.#.......#....##.........#.....##.##.###...#...#...
##.#....##...#..#...#......#..#.#..#....#..##...#.....#.#....#..#..####.#....##..##.......#..#..
.##.#...#.....#.................##....#..#.#...#.#.#.###.##.#......#...............#...#.#....#.
.#....#....#...#...#.......##..#.#.#........#............##...#..#.##..##.##...........#...#.#..
.....#...#........#.#.#...#..#...#............##..#....#.....#...#..##..#.........#...##..#.####
#........#....#..##...#....#..#.#...#..#.#...#.#....#..#.........#...#.#....#.....#...#.....#...
.........#.#.#..##..##.##...#.....#.###.####....##...######.#.#.#.#....####..#........#..#.#.#..
#..#...#.#......#.#.#.#......##.....#.#..#..#..#..#.##..##......###..#..#.......#.##.....#......
........#.##..........##....#..#.....#..#................##..........#.#.#....#.............##..
...##..........##..........###....#...#.#..............#.#...#.##......##....#..#...#...#..#....
.....###..#...#.#.#.#....#.#............###..##..##.#..#...................#..##....#...........
...##....#........#.#..##............#..#....###..#.#.........#.#.#...#..##.....#...#..#..#..##.
..###..##.....#..###.......#...##..#.#..#.#..........####..##.....#.#.#..#..##........#.##......
.........#...#.##.#.........##.....#..#.....#......##.....#...###....##.#..#####...........#...#
#...#.#..#.....#...##...............#......#........#.#....#.##..#..#..#.####....###.#..##.....#
.#.#.........#...#####...#..#..#..#.....##...#..##.##.....#..#.#....#........#.##.##..........##
.....#..#....#...#..#.#....#.#.#....#..#.##.......#..##.#.#.......#.#......#...#.......#..#...#.
.#....#......#.....##...#.#.#....#..#...#...#.......#.##.##.#.....####.....................##.#.
#.##...###.####..#.####..#.#.....#.#..#..#............##.....##.#.....##.#.............##.##...#
...#.##..#..##.#..##.......#.#.....#..#....#.#.......#..#...#.#..##...#.##...#.##.........#.##..
.......##..#.#....###........##........#.....#.##.#..###.............####....#...#......#.##...#
.......##...#............##.....#..........###.........#.....#...##......##........##..##.#....#
..#..#...##........#......###....#..#.#..#..#.#..#.................#.....##.#....##..###.....##.
.#...........#..#.....#.#...#...#.....#..#...#....#...#.....#...###....#........#....#.....#....
...........#...#.....#...........#....#.#.##.#.##....##....####.#.#.....#....###.........#...#.#
#..#.........###..................##...#...#.##..#..####..#....#..........#.#..#..........#...#.
#...####.###.......##.......#....#....#.#.#.....#......#..#.#....#.....#.#.........#.........#.#
....#..........#.#.#..##.............##.###...#..##........#..#......#....#........#.........##.
...##..#.#.##..#..#.#.#........#.#....#.#..#.#....###.....#..#...#...#..#...................###.
.......#..#......#.#.........#...##...#......#..........##..#........#.#........#...#...##.#..#.
...##....#.....#.......#.##....#..#.....#..#.####.###.#.#.#.....#......#...........#..#.........
#...##....###.#.#.#....#.........#...#.#.......#.........#.....###.....#...#........#..#......#.
#..#.#...#..#....#...##...#...............#...#....#....#...###.........#...#......#.....##.#...
#..........#..#......##.....#..##...#....####..#........#.........##..###........#.....#.......#
......#....#.#....##....#....................##.#.#....#.#.#.......#.#......#####......###....#.
##.#..###.#.##..#.####.##.#.#.#...#..#....#..#.##......#.....#####.#....#.#.##.#...##..........#
..#.##..#..##.#.###..#.....#.#.#....##..##...#.....#####.......#..##..###...####..####.#....#.#.
##..#......##......#......#.......##.#.#........#...#............###.##..##.#..#..#...#...#...#.
.#.........#.##....##...##.#....#.##...#...###.....#.............#..#...##..........##....#.....
........#.##.#......#.#.#.#.......####.#.....##.#.#.#.....#..#.##.##..#.#..#.......###...#.#...#
.#..#...###.#..#..........#.........#....##.#......#.#...#....#.........#..#.......#............
.#..###.#..........#........#...........##....#.....#......###....#...#.#.....##.#.....##..#....
....#.....#..............#.#....#...#.....................#....#...#......#.....##.....#..#..#..
..###...####..###...##....###.............#.......#..........###.#...#....##.#..##....###..#..#.
..#.#....##.##..#..##.#..#.............###..#..##...##..#.............#..#..#..#..##.#.....#.#..
..#...#.#.#....#........#.##....#.#.......##...#.#.........#.........##......#.........#....##.#
...##.....##..............#.#....#.#.##...........##.....#..#.###.#.##...#.#....#.#.........#.#.
#...#..#..#....##..........#..#...........................#...#...........#....##.##..#......#..
.#.#...#..#.#.####.#......##.#....#......#.#.....#.###.....#.....###..#.##.....#.#..##...#..#.#.
#............#....#....##.#........#..........##......###.#......#.....#..........##.#..........
.#..#.#......#..#..#.#.......##......#..#.....###..#..#....###.#..##.#..#.#.#..#.....#.##.#.....
......#.#..#.............#...##.......#..#...#.#....#.....###...#....#............#.#.##.....#..
##.......#...#...#...#.#...#.#...#.....#..#.#.......##.....#.....#.#...##............##.......#.
..#..#............#..#...#.#...#....#............#...#....##....##.##.####.........##.......#...
#...#.#..#..##.....#..#....#.#....#.###.....#.#..####.##.#..##.##.#..#......#..#..........####..
....#......#....#....#...........#...#.#.......#.#.......#.#...#.#.#.#.........#.....#........#.
..#.##..###.#.................#....##..#.#.......#.....##.#..###.......#........#......#.#......
..........#........###.#....#..#...................#.##......#...........###...#..#..##...#...#.
..#.......#...#.#..#...#.#...#......#...#...#..............##.....#...#..#..#......#..#.....#...
......#..#..........#.##..#........##...##...#.#.....#.######....#.#...............#..#.#...###.
.......#..#....#......#......#..#..###.......#........#........###.#.##...#.#..#.#..#..##.......
...#...#.....#..##.......#.....#.##.##.#...##....#....##.#.#.....##.#.#...#...............#.....
.......#.#............#.#....#.##..#.#...#......#......#......#....#...........#.#..............
.....#.#...#..#........#.#.....##....#......#.#.####...##...####.........#..#...............#...
......#.#...#.....#.#....#.....#......#...##.#..#.##.###.#..#...#..............####..#.....##...
.............##...#.#...#.....##..................##...##.....#..##.....##...#...#..#..##.......
......##.###..#..#.#.........##..#.......#.....##...###.............#..##.....#..#.#.#.....#....
.#..##..##.#.#.........#...............#.#............#......#........#.##.........#..#......#.#
.#....##....#...#..........#.#...........#...........................#.#.......#..#.....#......#
..............#####.....##.#...#..##...........#.#...#.....#.##............#....#..#.....#.....#
#..........#.....#..#.#..............###.#...#.#.....#.#..#......#..##..#......#...#....#..##...
......#.#.#....#.....#.....#.....#..##..#....#....#.#...#............#....#..#......#...#..#.#..

2833 1907 1669 3023 1381 1699 1889 3541 1901 2351 1019 2239 
3761 3847 2927 2311 3539 1721 2473 1579 1871 3463 2971 3323 
2161 3919 1087 1931 1459 1621 3319 1609 3329 2729 1291 3583 
1301 2677 2389 1619 1319 2539 3187 2957 3881 2741 1753 2557 
2707 1499 2549 1061 1439 1187 1567 2143 3767 2089 2593 2371 
1433 2417 3797 1109 2357 2347 3229 1289 1993 2693 1601 3391 
1913 3853 3491 3301 3877 2843 3929 2141 1583 1163 3659 3137 
3001 1657 2521 1733 3011 2711 1979 3851 1069 1667 2683 2953 
2399 3719 2659 3067 2713 1823 1471 1103 1217 3373 2333 2969 
1303 2251 3257 3433 3547 2647 3769 2027 1637 3109 2543 1279 
2017 3457 1153 1999 1097 2633 1553 2531 2267 1481 3517 2113 
1367 3511 3313 3041 2309 3779 1213 2789 2503 1811 2341 3359 
